<?xml version="1.0" encoding="UTF-8"?>
<testng-results skipped="0" failed="0" total="2" passed="2">
  <reporter-output>
  </reporter-output>
  <suite name="Suite" duration-ms="21" started-at="2016-11-20T23:18:47Z" finished-at="2016-11-20T23:18:47Z">
    <groups>
    </groups>
    <test name="Test" duration-ms="21" started-at="2016-11-20T23:18:47Z" finished-at="2016-11-20T23:18:47Z">
      <class name="JenkinsTest.JenkinsTest.SumTest">
        <test-method status="PASS" signature="createObj()[pri:0, instance:JenkinsTest.JenkinsTest.SumTest@6bf256fa]" name="createObj" is-config="true" duration-ms="10" started-at="2016-11-20T18:18:47Z" finished-at="2016-11-20T18:18:47Z">
          <reporter-output>
          </reporter-output>
        </test-method> <!-- createObj -->
        <test-method status="PASS" signature="negAdd()[pri:0, instance:JenkinsTest.JenkinsTest.SumTest@6bf256fa]" name="negAdd" duration-ms="1" started-at="2016-11-20T18:18:47Z" finished-at="2016-11-20T18:18:47Z">
          <reporter-output>
          </reporter-output>
        </test-method> <!-- negAdd -->
        <test-method status="PASS" signature="posAdd()[pri:0, instance:JenkinsTest.JenkinsTest.SumTest@6bf256fa]" name="posAdd" duration-ms="0" started-at="2016-11-20T18:18:47Z" finished-at="2016-11-20T18:18:47Z">
          <reporter-output>
          </reporter-output>
        </test-method> <!-- posAdd -->
      </class> <!-- JenkinsTest.JenkinsTest.SumTest -->
    </test> <!-- Test -->
  </suite> <!-- Suite -->
</testng-results>
